0 info it worked if it ends with ok
1 verbose cli [ 'C:\\Program Files\\nodejs\\node.exe',
1 verbose cli   'C:\\Program Files\\nodejs\\node_modules\\npm\\bin\\npm-cli.js',
1 verbose cli   'run',
1 verbose cli   'watch' ]
2 info using npm@3.10.10
3 info using node@v6.11.0
4 verbose run-script [ 'prewatch', 'watch', 'postwatch' ]
5 info lifecycle alexaylwin@1.0.0~prewatch: alexaylwin@1.0.0
6 silly lifecycle alexaylwin@1.0.0~prewatch: no script for prewatch, continuing
7 info lifecycle alexaylwin@1.0.0~watch: alexaylwin@1.0.0
8 verbose lifecycle alexaylwin@1.0.0~watch: unsafe-perm in lifecycle true
9 verbose lifecycle alexaylwin@1.0.0~watch: PATH: C:\Program Files\nodejs\node_modules\npm\bin\node-gyp-bin;C:\Users\A\Documents\GitHub\alexaylwin\alexaylwin.com\node_modules\.bin;C:\Program Files (x86)\NVIDIA Corporation\PhysX\Common;C:\Ruby21-x64\bin;C:\ProgramData\Oracle\Java\javapath;C:\Program Files (x86)\AMD APP\bin\x86_64;C:\Program Files (x86)\AMD APP\bin\x86;C:\Windows\system32;C:\Windows;C:\Windows\System32\Wbem;C:\Windows\System32\WindowsPowerShell\v1.0\;C:\Program Files\Intel\DMIX;C:\Program Files (x86)\ATI Technologies\ATI.ACE\Core-Static;C:\Program Files (x86)\Common Files\Acronis\SnapAPI\;C:\Program Files (x86)\Skype\Phone\;C:\Program Files (x86)\CloudFoundry;C:\Program Files\apache-maven-3.3.9\bin;C:\Program Files\IBM\Bluemix\bin;C:\Program Files\Git\cmd;C:\Program Files (x86)\AMD\ATI.ACE\Core-Static;C:\Program Files\nodejs\;C:\Users\A\AppData\Local\Programs\Python\Python36-32\Scripts;C:\Go\bin;C:\Program Files (x86)\Windows Kits\8.1\Windows Performance Toolkit\;C:\Ruby21-x64\bin;C:\Program Files (x86)\Nmap;C:\MinGW\bin\;C:\scripts;C:\Python27;C:\Program Files\nodejs;C:\Users\A\AppData\Roaming\npm;C:\Program Files\Microsoft VS Code\bin;C:\Users\A\AppData\Local\Programs\Python\Python36-32\Scripts;C:\Program Files\Docker Toolbox
10 verbose lifecycle alexaylwin@1.0.0~watch: CWD: C:\Users\A\Documents\GitHub\alexaylwin\alexaylwin.com
11 silly lifecycle alexaylwin@1.0.0~watch: Args: [ '/d /s /c',
11 silly lifecycle   'concurrently --kill-others "npm run scss" "npm run browser-sync"' ]
12 verbose stack Error: kill ENOSYS
12 verbose stack     at exports._errnoException (util.js:1018:11)
12 verbose stack     at process.kill (internal/process.js:190:13)
12 verbose stack     at process.listener (C:\Program Files\nodejs\node_modules\npm\node_modules\npmlog\node_modules\gauge\node_modules\signal-exit\index.js:86:15)
12 verbose stack     at emitNone (events.js:91:20)
12 verbose stack     at process.emit (events.js:185:7)
12 verbose stack     at processEmit (C:\Program Files\nodejs\node_modules\npm\node_modules\npmlog\node_modules\gauge\node_modules\signal-exit\index.js:146:32)
12 verbose stack     at processEmit (C:\Program Files\nodejs\node_modules\npm\node_modules\npm-registry-client\node_modules\npmlog\node_modules\gauge\node_modules\signal-exit\index.js:146:32)
12 verbose stack     at Signal.wrap.onsignal (internal/process.js:217:44)
13 verbose cwd C:\Users\A\Documents\GitHub\alexaylwin\alexaylwin.com
14 error Windows_NT 6.1.7601
15 error argv "C:\\Program Files\\nodejs\\node.exe" "C:\\Program Files\\nodejs\\node_modules\\npm\\bin\\npm-cli.js" "run" "watch"
16 error node v6.11.0
17 error npm  v3.10.10
18 error code ENOSYS
19 error errno ENOSYS
20 error syscall kill
21 error kill ENOSYS
22 error If you need help, you may report this error at:
22 error     <https://github.com/npm/npm/issues>
23 verbose exit [ 1, true ]
